[0801/093537.200:INFO:CONSOLE(163)] "Event handler of 'x-storagemutated-1' event must be added on the initial evaluation of worker script.", source: https://static.whatsapp.net/rsrc.php/v4/yX/r/t9ZnHoCbSC-.js (163)
[0801/093540.317:INFO:CONSOLE(0)] "Error with Permissions-Policy header: Feature xr-spatial-tracking's parameters are ignored.", source:  (0)
[0801/093540.318:INFO:CONSOLE(0)] "Error with Permissions-Policy header: Origin trial controlled feature not enabled: 'attribution-reporting'.", source:  (0)
[0801/093540.318:INFO:CONSOLE(0)] "Error with Permissions-Policy header: Unrecognized feature: 'compute-pressure'.", source:  (0)
[0801/093540.318:INFO:CONSOLE(0)] "Error with Permissions-Policy header: Origin trial controlled feature not enabled: 'interest-cohort'.", source:  (0)
[0801/093540.319:INFO:CONSOLE(0)] "Error with Permissions-Policy header: Unrecognized feature: 'private-state-token-issuance'.", source:  (0)
[0801/093540.319:INFO:CONSOLE(0)] "Error with Permissions-Policy header: Origin trial controlled feature not enabled: 'shared-storage'.", source:  (0)
[0801/093540.319:INFO:CONSOLE(0)] "Error with Permissions-Policy header: Unrecognized feature: 'shared-storage-select-url'.", source:  (0)
[0801/093540.319:INFO:CONSOLE(0)] "Error with Permissions-Policy header: Unrecognized feature: 'private-state-token-redemption'.", source:  (0)
[0801/093540.319:INFO:CONSOLE(0)] "Error with Permissions-Policy header: Unrecognized feature: 'unload'.", source:  (0)
[0801/093540.320:INFO:CONSOLE(0)] "Error with Permissions-Policy header: Unrecognized feature: 'window-management'.", source:  (0)
[0801/093540.320:INFO:CONSOLE(0)] "Document-Policy HTTP header: Unrecognized document policy feature name include-js-call-stacks-in-crash-reports.", source: https://web.whatsapp.com/ (0)
[0801/093542.568:INFO:CONSOLE(163)] "Event handler of 'x-storagemutated-1' event must be added on the initial evaluation of worker script.", source: https://static.whatsapp.net/rsrc.php/v4/yX/r/t9ZnHoCbSC-.js (163)
[0801/093611.780:INFO:CONSOLE(150)] "Uncaught (in promise) Error: FormatError: isAvatarSticker encoded with wire type 2", source: https://static.whatsapp.net/rsrc.php/v4/yr/r/J1cvVFvJik0.js (150)
[0801/093750.438:INFO:CONSOLE(163)] "Event handler of 'x-storagemutated-1' event must be added on the initial evaluation of worker script.", source: https://static.whatsapp.net/rsrc.php/v4/yX/r/t9ZnHoCbSC-.js (163)
[0801/093856.001:INFO:CONSOLE(163)] "Event handler of 'x-storagemutated-1' event must be added on the initial evaluation of worker script.", source: https://static.whatsapp.net/rsrc.php/v4/yX/r/t9ZnHoCbSC-.js (163)
[0801/094007.336:INFO:CONSOLE(163)] "Event handler of 'x-storagemutated-1' event must be added on the initial evaluation of worker script.", source: https://static.whatsapp.net/rsrc.php/v4/yX/r/t9ZnHoCbSC-.js (163)
[0801/094114.762:INFO:CONSOLE(0)] "Uncaught (in promise) #<a>", source: https://web.whatsapp.com/ (0)
[0801/094115.174:INFO:CONSOLE(163)] "Event handler of 'x-storagemutated-1' event must be added on the initial evaluation of worker script.", source: https://static.whatsapp.net/rsrc.php/v4/yX/r/t9ZnHoCbSC-.js (163)
[0801/094115.319:INFO:CONSOLE(0)] "Uncaught (in promise) #<a>", source: https://web.whatsapp.com/ (0)
[0801/094115.465:INFO:CONSOLE(0)] "Uncaught (in promise) #<a>", source: https://web.whatsapp.com/ (0)
[0801/094115.808:INFO:CONSOLE(0)] "Uncaught (in promise) DbEncKeyNotLoadedError: MasterDatabaseEncryptionKey.fts_hmac_keys was accessed before init", source: https://web.whatsapp.com/static_resources/webworker_v1/init_script/?__hs=20301.HYP%3Awhatsapp_comet_pkg.2.1...0&__spin_r=1025403862&__spin_b=trunk&__spin_t=1754051738 (0)
[0801/094118.368:INFO:CONSOLE(0)] "Uncaught (in promise) #<a>", source: https://web.whatsapp.com/ (0)
[0801/094118.441:INFO:CONSOLE(0)] "Uncaught (in promise) #<a>", source: https://web.whatsapp.com/ (0)
[0801/094135.364:INFO:CONSOLE(308)] "Uncaught (in promise) #<a>", source: https://static.whatsapp.net/rsrc.php/v4/yZ/r/qy7VnIbSNwc.js (308)
[0801/094135.365:INFO:CONSOLE(308)] "Uncaught (in promise) #<a>", source: https://static.whatsapp.net/rsrc.php/v4/yZ/r/qy7VnIbSNwc.js (308)
[0801/094135.373:INFO:CONSOLE(150)] "Uncaught (in promise) #<a>", source: https://static.whatsapp.net/rsrc.php/v4/yr/r/J1cvVFvJik0.js (150)
[0801/094136.368:INFO:CONSOLE(308)] "Uncaught (in promise) #<a>", source: https://static.whatsapp.net/rsrc.php/v4/yZ/r/qy7VnIbSNwc.js (308)
[0801/094138.378:INFO:CONSOLE(308)] "Uncaught (in promise) #<a>", source: https://static.whatsapp.net/rsrc.php/v4/yZ/r/qy7VnIbSNwc.js (308)
[0801/094138.870:INFO:CONSOLE(0)] "Uncaught (in promise) #<a>", source: https://web.whatsapp.com/ (0)
[0801/094138.906:INFO:CONSOLE(0)] "Uncaught (in promise) #<a>", source: https://web.whatsapp.com/ (0)
[0801/094138.923:INFO:CONSOLE(0)] "Uncaught (in promise) #<a>", source: https://web.whatsapp.com/ (0)
[0801/094138.934:INFO:CONSOLE(0)] "Uncaught (in promise) #<a>", source: https://web.whatsapp.com/ (0)
[0801/094138.946:INFO:CONSOLE(0)] "Uncaught (in promise) #<a>", source: https://web.whatsapp.com/ (0)
[0801/094138.958:INFO:CONSOLE(0)] "Uncaught (in promise) #<a>", source: https://web.whatsapp.com/ (0)
[0801/094138.971:INFO:CONSOLE(0)] "Uncaught (in promise) #<a>", source: https://web.whatsapp.com/ (0)
[0801/094138.988:INFO:CONSOLE(0)] "Uncaught (in promise) #<a>", source: https://web.whatsapp.com/ (0)
[0801/094139.003:INFO:CONSOLE(0)] "Uncaught (in promise) #<a>", source: https://web.whatsapp.com/ (0)
[0801/094139.017:INFO:CONSOLE(0)] "Uncaught (in promise) #<a>", source: https://web.whatsapp.com/ (0)
[0801/094139.261:INFO:CONSOLE(0)] "Uncaught (in promise) #<a>", source: https://web.whatsapp.com/ (0)
[0801/094139.262:INFO:CONSOLE(150)] "Uncaught (in promise) #<a>", source: https://static.whatsapp.net/rsrc.php/v4/yr/r/J1cvVFvJik0.js (150)
[0801/094139.295:INFO:CONSOLE(0)] "Uncaught (in promise) #<a>", source: https://web.whatsapp.com/ (0)
[0801/094139.299:INFO:CONSOLE(0)] "Uncaught (in promise) #<a>", source: https://web.whatsapp.com/ (0)
[0801/094139.300:INFO:CONSOLE(0)] "Uncaught (in promise) #<a>", source: https://web.whatsapp.com/ (0)
[0801/094139.302:INFO:CONSOLE(0)] "Uncaught (in promise) #<a>", source: https://web.whatsapp.com/ (0)
[0801/094139.329:INFO:CONSOLE(6)] "Uncaught (in promise) Invariant Violation: Minified invariant #56367; %s", source:  (6)
[0801/094139.336:INFO:CONSOLE(6)] "Uncaught (in promise) Invariant Violation: Minified invariant #56367; %s", source:  (6)
[0801/094139.344:INFO:CONSOLE(150)] "Uncaught (in promise) Invariant Violation: Minified invariant #56367; %s", source: https://static.whatsapp.net/rsrc.php/v4/yr/r/J1cvVFvJik0.js (150)
[0801/094139.494:INFO:CONSOLE(6)] "Uncaught (in promise) Invariant Violation: Minified invariant #56367; %s", source:  (6)
[0801/094139.501:INFO:CONSOLE(6)] "Uncaught (in promise) Invariant Violation: Minified invariant #56367; %s", source:  (6)
[0801/094139.689:INFO:CONSOLE(0)] "Error with Permissions-Policy header: Feature xr-spatial-tracking's parameters are ignored.", source:  (0)
[0801/094139.689:INFO:CONSOLE(0)] "Error with Permissions-Policy header: Origin trial controlled feature not enabled: 'attribution-reporting'.", source:  (0)
[0801/094139.690:INFO:CONSOLE(0)] "Error with Permissions-Policy header: Unrecognized feature: 'compute-pressure'.", source:  (0)
[0801/094139.690:INFO:CONSOLE(0)] "Error with Permissions-Policy header: Origin trial controlled feature not enabled: 'interest-cohort'.", source:  (0)
[0801/094139.690:INFO:CONSOLE(0)] "Error with Permissions-Policy header: Unrecognized feature: 'private-state-token-issuance'.", source:  (0)
[0801/094139.691:INFO:CONSOLE(0)] "Error with Permissions-Policy header: Origin trial controlled feature not enabled: 'shared-storage'.", source:  (0)
[0801/094139.691:INFO:CONSOLE(0)] "Error with Permissions-Policy header: Unrecognized feature: 'shared-storage-select-url'.", source:  (0)
[0801/094139.691:INFO:CONSOLE(0)] "Error with Permissions-Policy header: Unrecognized feature: 'private-state-token-redemption'.", source:  (0)
[0801/094139.691:INFO:CONSOLE(0)] "Error with Permissions-Policy header: Unrecognized feature: 'unload'.", source:  (0)
[0801/094139.691:INFO:CONSOLE(0)] "Error with Permissions-Policy header: Unrecognized feature: 'window-management'.", source:  (0)
[0801/094139.692:INFO:CONSOLE(0)] "Document-Policy HTTP header: Unrecognized document policy feature name include-js-call-stacks-in-crash-reports.", source: https://web.whatsapp.com/ (0)
[0801/094140.996:ERROR:entry_impl.cc(1072)] No file for 8000000f
[0801/094140.997:ERROR:entry_impl.cc(1072)] No file for 8000000d
[0801/094141.000:ERROR:entry_impl.cc(1072)] No file for 8000000a
[0801/094141.001:ERROR:entry_impl.cc(1072)] No file for 80000009
[0801/094141.005:ERROR:entry_impl.cc(1072)] No file for 8000000e
[0801/094141.007:ERROR:entry_impl.cc(1072)] No file for 8000000b
[0801/094141.010:ERROR:entry_impl.cc(1072)] No file for 8000000c
[0801/094141.502:ERROR:entry_impl.cc(1072)] No file for 80000010
[0801/094141.561:ERROR:entry_impl.cc(1072)] No file for 80000011
